0 info it worked if it ends with ok
1 verbose cli [ '/Users/klar7790/.nvm/versions/node/v6.3.0/bin/node',
1 verbose cli   '/Users/klar7790/.nvm/versions/node/v6.3.0/bin/npm',
1 verbose cli   'run',
1 verbose cli   'build' ]
2 info using npm@3.10.3
3 info using node@v6.3.0
4 verbose run-script [ 'prebuild', 'build', 'postbuild' ]
5 info lifecycle calcite-bootstrap@0.4.0-alpha.3~prebuild: calcite-bootstrap@0.4.0-alpha.3
6 silly lifecycle calcite-bootstrap@0.4.0-alpha.3~prebuild: no script for prebuild, continuing
7 info lifecycle calcite-bootstrap@0.4.0-alpha.3~build: calcite-bootstrap@0.4.0-alpha.3
8 verbose lifecycle calcite-bootstrap@0.4.0-alpha.3~build: unsafe-perm in lifecycle true
9 verbose lifecycle calcite-bootstrap@0.4.0-alpha.3~build: PATH: /Users/klar7790/.nvm/versions/node/v6.3.0/lib/node_modules/npm/bin/node-gyp-bin:/Users/klar7790/Projects/calcite-bootstrap/node_modules/.bin:/Users/klar7790/.nvm/versions/node/v6.3.0/bin:/Users/klar7790/.nvm/versions/node/v6.3.0/bin:/Users/klar7790/bin:/usr/local/bin:/Users/klar7790/bin:/usr/bin:/bin:/usr/sbin:/sbin:/usr/local/bin
10 verbose lifecycle calcite-bootstrap@0.4.0-alpha.3~build: CWD: /Users/klar7790/Projects/calcite-bootstrap
11 silly lifecycle calcite-bootstrap@0.4.0-alpha.3~build: Args: [ '-c',
11 silly lifecycle   'npm run build-css && cp -r lib/sass dist/sass && cp -r ./node_modules/bootstrap-sass/assets/fonts/bootstrap dist/fonts' ]
12 silly lifecycle calcite-bootstrap@0.4.0-alpha.3~build: Returned: code: 1  signal: null
13 info lifecycle calcite-bootstrap@0.4.0-alpha.3~build: Failed to exec build script
14 verbose stack Error: calcite-bootstrap@0.4.0-alpha.3 build: `npm run build-css && cp -r lib/sass dist/sass && cp -r ./node_modules/bootstrap-sass/assets/fonts/bootstrap dist/fonts`
14 verbose stack Exit status 1
14 verbose stack     at EventEmitter.<anonymous> (/Users/klar7790/.nvm/versions/node/v6.3.0/lib/node_modules/npm/lib/utils/lifecycle.js:242:16)
14 verbose stack     at emitTwo (events.js:106:13)
14 verbose stack     at EventEmitter.emit (events.js:191:7)
14 verbose stack     at ChildProcess.<anonymous> (/Users/klar7790/.nvm/versions/node/v6.3.0/lib/node_modules/npm/lib/utils/spawn.js:40:14)
14 verbose stack     at emitTwo (events.js:106:13)
14 verbose stack     at ChildProcess.emit (events.js:191:7)
14 verbose stack     at maybeClose (internal/child_process.js:852:16)
14 verbose stack     at Process.ChildProcess._handle.onexit (internal/child_process.js:215:5)
15 verbose pkgid calcite-bootstrap@0.4.0-alpha.3
16 verbose cwd /Users/klar7790/Projects/calcite-bootstrap
17 error Darwin 15.6.0
18 error argv "/Users/klar7790/.nvm/versions/node/v6.3.0/bin/node" "/Users/klar7790/.nvm/versions/node/v6.3.0/bin/npm" "run" "build"
19 error node v6.3.0
20 error npm  v3.10.3
21 error code ELIFECYCLE
22 error calcite-bootstrap@0.4.0-alpha.3 build: `npm run build-css && cp -r lib/sass dist/sass && cp -r ./node_modules/bootstrap-sass/assets/fonts/bootstrap dist/fonts`
22 error Exit status 1
23 error Failed at the calcite-bootstrap@0.4.0-alpha.3 build script 'npm run build-css && cp -r lib/sass dist/sass && cp -r ./node_modules/bootstrap-sass/assets/fonts/bootstrap dist/fonts'.
23 error Make sure you have the latest version of node.js and npm installed.
23 error If you do, this is most likely a problem with the calcite-bootstrap package,
23 error not with npm itself.
23 error Tell the author that this fails on your system:
23 error     npm run build-css && cp -r lib/sass dist/sass && cp -r ./node_modules/bootstrap-sass/assets/fonts/bootstrap dist/fonts
23 error You can get information on how to open an issue for this project with:
23 error     npm bugs calcite-bootstrap
23 error Or if that isn't available, you can get their info via:
23 error     npm owner ls calcite-bootstrap
23 error There is likely additional logging output above.
24 verbose exit [ 1, true ]
